<?xml version="1.0" encoding="UTF-8"?>
<testsuite xmlns:xsi="http://www.w3.org/2001/XMLSchema-instance" xsi:noNamespaceSchemaLocation="https://maven.apache.org/surefire/maven-surefire-plugin/xsd/surefire-test-report.xsd" name="1004 Herokuapp visit and click" time="33.512" tests="2" errors="1" skipped="0" failures="0">
  <properties>
[...]
</properties>
  <testcase name="TC005 herokuapp visit." classname="1004 Herokuapp visit and click" time="7.9">
    <error message="The step &apos;Delete butonu’nun gorunur oldugunu test edin&apos; is undefined.&#10;You can implement this step using the snippet(s) below:&#10;&#10;@Then(&quot;Delete butonu’nun gorunur oldugunu test edin&quot;)&#10;public void delete_butonu_nun_gorunur_oldugunu_test_edin() {&#10;    // Write code here that turns the phrase above into concrete actions&#10;    throw new io.cucumber.java.PendingException();&#10;}&#10;" type="io.cucumber.junit.UndefinedStepException">io.cucumber.junit.UndefinedStepException: 
The step 'Delete butonu’nun gorunur oldugunu test edin' is undefined.
You can implement this step using the snippet(s) below:

@Then("Delete butonu’nun gorunur oldugunu test edin")
public void delete_butonu_nun_gorunur_oldugunu_test_edin() {
    // Write code here that turns the phrase above into concrete actions
    throw new io.cucumber.java.PendingException();
}

</error>
    <system-err><![CDATA[Starting ChromeDriver 98.0.4758.102 (273bf7ac8c909cde36982d27f66f3c70846a3718-refs/branch-heads/4758@{#1151}) on port 20414
Only local connections are allowed.
Please see https://chromedriver.chromium.org/security-considerations for suggestions on keeping ChromeDriver safe.
ChromeDriver was started successfully.
Feb 17, 2022 2:13:57 PM org.openqa.selenium.remote.ProtocolHandshake createSession
INFO: Detected dialect: W3C
]]></system-err>
  </testcase>
  <testcase name="TC007 Authentication" classname="1004 Herokuapp visit and click" time="25.612"/>
</testsuite>